<?xml version="1.0" encoding="UTF-8"?>
<!-- Generated by org.testng.reporters.JUnitReportReporter -->
<testsuite skipped="0" hostname="LAPTOP-RMHL5JSC" name="Utils.ExcelUtils" tests="1" failures="0" timestamp="2020-06-04T16:43:34 EDT" time="0.819" errors="0">
  <testcase name="getRowCount" time="0.819" classname="Utils.ExcelUtils"/>
  <system-out/>
</testsuite> <!-- Utils.ExcelUtils -->
