<?xml version="1.0" encoding="UTF-8"?>
<!-- Generated by org.testng.reporters.JUnitReportReporter -->
<testsuite skipped="0" hostname="LAPTOP-RMHL5JSC" name="Utils.Testsheet" tests="1" failures="0" timestamp="2020-06-04T17:35:29 EDT" time="0.023" errors="0">
  <testcase name="readdata" time="0.023" classname="Utils.Testsheet"/>
  <system-out/>
</testsuite> <!-- Utils.Testsheet -->
